c:\code\ydm.git\trunk\yjxdriver\yjxdriver\x64\debug\vc141.pdb
c:\code\ydm.git\trunk\yjxdriver\yjxdriver\x64\debug\yunloaddelete.obj
c:\code\ydm.git\trunk\yjxdriver\yjxdriver\x64\debug\ycreatedevice.obj
c:\code\ydm.git\trunk\yjxdriver\yjxdriver\x64\debug\writeprocessmemorybypid.obj
c:\code\ydm.git\trunk\yjxdriver\yjxdriver\x64\debug\readsysmemory.obj
c:\code\ydm.git\trunk\yjxdriver\yjxdriver\x64\debug\hookbyregistercallbacks.obj
c:\code\ydm.git\trunk\yjxdriver\yjxdriver\x64\debug\getmoduleinformation.obj
c:\code\ydm.git\trunk\yjxdriver\yjxdriver\x64\debug\enumeratekernelhook.obj
c:\code\ydm.git\trunk\yjxdriver\yjxdriver\x64\debug\enumalldriver.obj
c:\code\ydm.git\trunk\yjxdriver\yjxdriver\x64\debug\driverentry.obj
c:\code\ydm.git\trunk\yjxdriver\x64\debug\yjxdriver.sys
c:\code\ydm.git\trunk\yjxdriver\x64\debug\yjxdriver.pdb
c:\code\ydm.git\trunk\yjxdriver\x64\debug\yjxdriver.cer
c:\code\ydm.git\trunk\yjxdriver\yjxdriver\x64\debug\yjxdriver.tlog\cl.command.1.tlog
c:\code\ydm.git\trunk\yjxdriver\yjxdriver\x64\debug\yjxdriver.tlog\cl.read.1.tlog
c:\code\ydm.git\trunk\yjxdriver\yjxdriver\x64\debug\yjxdriver.tlog\cl.write.1.tlog
c:\code\ydm.git\trunk\yjxdriver\yjxdriver\x64\debug\yjxdriver.tlog\link.command.1.tlog
c:\code\ydm.git\trunk\yjxdriver\yjxdriver\x64\debug\yjxdriver.tlog\link.read.1.tlog
c:\code\ydm.git\trunk\yjxdriver\yjxdriver\x64\debug\yjxdriver.tlog\link.write.1.tlog
c:\code\ydm.git\trunk\yjxdriver\yjxdriver\x64\debug\yjxdriver.tlog\signtool.command.1.tlog
c:\code\ydm.git\trunk\yjxdriver\yjxdriver\x64\debug\yjxdriver.tlog\signtool.read.1.tlog
c:\code\ydm.git\trunk\yjxdriver\yjxdriver\x64\debug\yjxdriver.tlog\signtool.timestamp.1.tlog
c:\code\ydm.git\trunk\yjxdriver\yjxdriver\x64\debug\yjxdriver.tlog\signtool.write.1.tlog
